<?xml version="1.0" encoding="UTF-8"?>
<!-- Generated by org.testng.reporters.JUnitReportReporter -->
<testsuite hostname="LAPTOP-8PV5OBQH" failures="0" tests="1" name="updated.driver" time="5.604" errors="0" timestamp="2024-02-25T19:27:02 IST" skipped="0">
  <testcase classname="updated.driver" name="driver1" time="5.604"/>
  <system-out/>
</testsuite> <!-- updated.driver -->
